<?xml version="1.0" encoding="UTF-8"?>
<testsuite xmlns:xsi="http://www.w3.org/2001/XMLSchema-instance" xsi:noNamespaceSchemaLocation="https://maven.apache.org/surefire/maven-surefire-plugin/xsd/surefire-test-report-3.0.xsd" version="3.0" name="com.yekanchi.tsetmcdumper.AppTest" time="0.299" tests="1" errors="0" skipped="0" failures="0">
  <properties>
    <property name="sun.desktop" value="windows"/>
    <property name="awt.toolkit" value="sun.awt.windows.WToolkit"/>
    <property name="java.specification.version" value="11"/>
    <property name="sun.cpu.isalist" value="amd64"/>
    <property name="sun.jnu.encoding" value="Cp1252"/>
    <property name="java.class.path" value="e:\NHUB\src\yekanTrader\TSETMCDumper\TSETMCDumper\target\test-classes;e:\NHUB\src\yekanTrader\TSETMCDumper\TSETMCDumper\target\classes;E:\NHUB\src\yekanTrader\TSETMCDumper\TSETMCDumper\.\.m2\junit\junit\4.12\junit-4.12.jar;E:\NHUB\src\yekanTrader\TSETMCDumper\TSETMCDumper\.\.m2\org\hamcrest\hamcrest-core\1.3\hamcrest-core-1.3.jar;E:\NHUB\src\yekanTrader\TSETMCDumper\TSETMCDumper\.\.m2\org\xerial\sqlite-jdbc\3.27.2\sqlite-jdbc-3.27.2.jar;E:\NHUB\src\yekanTrader\TSETMCDumper\TSETMCDumper\.\.m2\org\jsoup\jsoup\1.11.3\jsoup-1.11.3.jar;E:\NHUB\src\yekanTrader\TSETMCDumper\TSETMCDumper\.\.m2\org\junit\jupiter\junit-jupiter-api\5.4.1\junit-jupiter-api-5.4.1.jar;E:\NHUB\src\yekanTrader\TSETMCDumper\TSETMCDumper\.\.m2\org\apiguardian\apiguardian-api\1.0.0\apiguardian-api-1.0.0.jar;E:\NHUB\src\yekanTrader\TSETMCDumper\TSETMCDumper\.\.m2\org\opentest4j\opentest4j\1.1.1\opentest4j-1.1.1.jar;E:\NHUB\src\yekanTrader\TSETMCDumper\TSETMCDumper\.\.m2\org\junit\platform\junit-platform-commons\1.4.1\junit-platform-commons-1.4.1.jar;E:\NHUB\src\yekanTrader\TSETMCDumper\TSETMCDumper\.\.m2\org\apache\maven\plugins\maven-surefire-plugin\3.0.0-M3\maven-surefire-plugin-3.0.0-M3.jar;E:\NHUB\src\yekanTrader\TSETMCDumper\TSETMCDumper\.\.m2\org\apache\maven\surefire\maven-surefire-common\3.0.0-M3\maven-surefire-common-3.0.0-M3.jar;E:\NHUB\src\yekanTrader\TSETMCDumper\TSETMCDumper\.\.m2\org\apache\maven\surefire\surefire-api\3.0.0-M3\surefire-api-3.0.0-M3.jar;E:\NHUB\src\yekanTrader\TSETMCDumper\TSETMCDumper\.\.m2\org\apache\maven\surefire\surefire-logger-api\3.0.0-M3\surefire-logger-api-3.0.0-M3.jar;E:\NHUB\src\yekanTrader\TSETMCDumper\TSETMCDumper\.\.m2\org\apache\maven\surefire\surefire-booter\3.0.0-M3\surefire-booter-3.0.0-M3.jar;E:\NHUB\src\yekanTrader\TSETMCDumper\TSETMCDumper\.\.m2\org\apache\maven\maven-toolchain\3.0-alpha-2\maven-toolchain-3.0-alpha-2.jar;E:\NHUB\src\yekanTrader\TSETMCDumper\TSETMCDumper\.\.m2\org\apache\maven\maven-core\3.0-alpha-2\maven-core-3.0-alpha-2.jar;E:\NHUB\src\yekanTrader\TSETMCDumper\TSETMCDumper\.\.m2\org\apache\maven\maven-lifecycle\3.0-alpha-2\maven-lifecycle-3.0-alpha-2.jar;E:\NHUB\src\yekanTrader\TSETMCDumper\TSETMCDumper\.\.m2\org\apache\maven\maven-reporting-api\3.0-alpha-2\maven-reporting-api-3.0-alpha-2.jar;E:\NHUB\src\yekanTrader\TSETMCDumper\TSETMCDumper\.\.m2\org\apache\maven\doxia\doxia-sink-api\1.0-alpha-9\doxia-sink-api-1.0-alpha-9.jar;E:\NHUB\src\yekanTrader\TSETMCDumper\TSETMCDumper\.\.m2\org\apache\maven\maven-model\3.0-alpha-2\maven-model-3.0-alpha-2.jar;E:\NHUB\src\yekanTrader\TSETMCDumper\TSETMCDumper\.\.m2\org\apache\maven\maven-plugin-api\3.0-alpha-2\maven-plugin-api-3.0-alpha-2.jar;E:\NHUB\src\yekanTrader\TSETMCDumper\TSETMCDumper\.\.m2\org\codehaus\plexus\plexus-container-default\1.0-beta-3.0.5\plexus-container-default-1.0-beta-3.0.5.jar;E:\NHUB\src\yekanTrader\TSETMCDumper\TSETMCDumper\.\.m2\org\apache\xbean\xbean-reflect\3.4\xbean-reflect-3.4.jar;E:\NHUB\src\yekanTrader\TSETMCDumper\TSETMCDumper\.\.m2\log4j\log4j\1.2.12\log4j-1.2.12.jar;E:\NHUB\src\yekanTrader\TSETMCDumper\TSETMCDumper\.\.m2\commons-logging\commons-logging-api\1.1\commons-logging-api-1.1.jar;E:\NHUB\src\yekanTrader\TSETMCDumper\TSETMCDumper\.\.m2\com\google\code\google-collections\google-collect\snapshot-20080530\google-collect-snapshot-20080530.jar;E:\NHUB\src\yekanTrader\TSETMCDumper\TSETMCDumper\.\.m2\org\apache\maven\maven-project\3.0-alpha-2\maven-project-3.0-alpha-2.jar;E:\NHUB\src\yekanTrader\TSETMCDumper\TSETMCDumper\.\.m2\org\codehaus\woodstox\wstx-asl\3.2.6\wstx-asl-3.2.6.jar;E:\NHUB\src\yekanTrader\TSETMCDumper\TSETMCDumper\.\.m2\org\apache\maven\maven-project-builder\3.0-alpha-2\maven-project-builder-3.0-alpha-2.jar;E:\NHUB\src\yekanTrader\TSETMCDumper\TSETMCDumper\.\.m2\commons-cli\commons-cli\1.0\commons-cli-1.0.jar;E:\NHUB\src\yekanTrader\TSETMCDumper\TSETMCDumper\.\.m2\org\codehaus\plexus\plexus-interactivity-api\1.0-alpha-6\plexus-interactivity-api-1.0-alpha-6.jar;E:\NHUB\src\yekanTrader\TSETMCDumper\TSETMCDumper\.\.m2\org\codehaus\plexus\plexus-interpolation\1.1\plexus-interpolation-1.1.jar;E:\NHUB\src\yekanTrader\TSETMCDumper\TSETMCDumper\.\.m2\org\codehaus\plexus\plexus-utils\1.5.6\plexus-utils-1.5.6.jar;E:\NHUB\src\yekanTrader\TSETMCDumper\TSETMCDumper\.\.m2\org\codehaus\plexus\plexus-classworlds\1.3\plexus-classworlds-1.3.jar;E:\NHUB\src\yekanTrader\TSETMCDumper\TSETMCDumper\.\.m2\org\codehaus\plexus\plexus-component-annotations\1.0-beta-3.0.5\plexus-component-annotations-1.0-beta-3.0.5.jar;E:\NHUB\src\yekanTrader\TSETMCDumper\TSETMCDumper\.\.m2\org\sonatype\plexus\plexus-plugin-manager\1.0-alpha-1\plexus-plugin-manager-1.0-alpha-1.jar;E:\NHUB\src\yekanTrader\TSETMCDumper\TSETMCDumper\.\.m2\org\apache\maven\mercury\mercury-plexus\1.0.0-alpha-2\mercury-plexus-1.0.0-alpha-2.jar;E:\NHUB\src\yekanTrader\TSETMCDumper\TSETMCDumper\.\.m2\org\apache\maven\mercury\mercury-repo-remote-m2\1.0.0-alpha-2\mercury-repo-remote-m2-1.0.0-alpha-2.jar;E:\NHUB\src\yekanTrader\TSETMCDumper\TSETMCDumper\.\.m2\org\apache\maven\mercury\mercury-repo-api\1.0.0-alpha-2\mercury-repo-api-1.0.0-alpha-2.jar;E:\NHUB\src\yekanTrader\TSETMCDumper\TSETMCDumper\.\.m2\org\apache\maven\mercury\mercury-transport-api\1.0.0-alpha-2\mercury-transport-api-1.0.0-alpha-2.jar;E:\NHUB\src\yekanTrader\TSETMCDumper\TSETMCDumper\.\.m2\org\apache\maven\mercury\mercury-crypto-api\1.0.0-alpha-2\mercury-crypto-api-1.0.0-alpha-2.jar;E:\NHUB\src\yekanTrader\TSETMCDumper\TSETMCDumper\.\.m2\org\apache\maven\mercury\mercury-transport-http\1.0.0-alpha-2\mercury-transport-http-1.0.0-alpha-2.jar;E:\NHUB\src\yekanTrader\TSETMCDumper\TSETMCDumper\.\.m2\org\mortbay\jetty\jetty-client\6.1.12\jetty-client-6.1.12.jar;E:\NHUB\src\yekanTrader\TSETMCDumper\TSETMCDumper\.\.m2\org\mortbay\jetty\jetty-sslengine\6.1.12\jetty-sslengine-6.1.12.jar;E:\NHUB\src\yekanTrader\TSETMCDumper\TSETMCDumper\.\.m2\org\mortbay\jetty\jetty\6.1.12\jetty-6.1.12.jar;E:\NHUB\src\yekanTrader\TSETMCDumper\TSETMCDumper\.\.m2\org\mortbay\jetty\jetty-util\6.1.12\jetty-util-6.1.12.jar;E:\NHUB\src\yekanTrader\TSETMCDumper\TSETMCDumper\.\.m2\org\mortbay\jetty\servlet-api-2.5\6.1.12\servlet-api-2.5-6.1.12.jar;E:\NHUB\src\yekanTrader\TSETMCDumper\TSETMCDumper\.\.m2\org\apache\maven\mercury\mercury-crypto-basic\1.0.0-alpha-2\mercury-crypto-basic-1.0.0-alpha-2.jar;E:\NHUB\src\yekanTrader\TSETMCDumper\TSETMCDumper\.\.m2\bouncycastle\bcprov-jdk15\140\bcprov-jdk15-140.jar;E:\NHUB\src\yekanTrader\TSETMCDumper\TSETMCDumper\.\.m2\bouncycastle\bcpg-jdk15\140\bcpg-jdk15-140.jar;E:\NHUB\src\yekanTrader\TSETMCDumper\TSETMCDumper\.\.m2\org\apache\maven\mercury\mercury-md-shared\1.0.0-alpha-2\mercury-md-shared-1.0.0-alpha-2.jar;E:\NHUB\src\yekanTrader\TSETMCDumper\TSETMCDumper\.\.m2\org\apache\maven\mercury\mercury-util\1.0.0-alpha-2\mercury-util-1.0.0-alpha-2.jar;E:\NHUB\src\yekanTrader\TSETMCDumper\TSETMCDumper\.\.m2\org\apache\maven\mercury\mercury-repo-local-m2\1.0.0-alpha-2\mercury-repo-local-m2-1.0.0-alpha-2.jar;E:\NHUB\src\yekanTrader\TSETMCDumper\TSETMCDumper\.\.m2\org\apache\maven\mercury\mercury-repo-virtual\1.0.0-alpha-2\mercury-repo-virtual-1.0.0-alpha-2.jar;E:\NHUB\src\yekanTrader\TSETMCDumper\TSETMCDumper\.\.m2\org\apache\maven\mercury\mercury-repo-cache-fs\1.0.0-alpha-2\mercury-repo-cache-fs-1.0.0-alpha-2.jar;E:\NHUB\src\yekanTrader\TSETMCDumper\TSETMCDumper\.\.m2\org\apache\maven\mercury\mercury-md-sat\1.0.0-alpha-2\mercury-md-sat-1.0.0-alpha-2.jar;E:\NHUB\src\yekanTrader\TSETMCDumper\TSETMCDumper\.\.m2\org\sat4j\org.sat4j.core\2.0.4\org.sat4j.core-2.0.4.jar;E:\NHUB\src\yekanTrader\TSETMCDumper\TSETMCDumper\.\.m2\org\sat4j\org.sat4j.pb\2.0.4\org.sat4j.pb-2.0.4.jar;E:\NHUB\src\yekanTrader\TSETMCDumper\TSETMCDumper\.\.m2\org\apache\maven\mercury\mercury-event\1.0.0-alpha-2\mercury-event-1.0.0-alpha-2.jar;E:\NHUB\src\yekanTrader\TSETMCDumper\TSETMCDumper\.\.m2\org\apache\maven\mercury\mercury-logging\1.0.0-alpha-2\mercury-logging-1.0.0-alpha-2.jar;E:\NHUB\src\yekanTrader\TSETMCDumper\TSETMCDumper\.\.m2\org\codehaus\plexus\plexus-lang\1.1\plexus-lang-1.1.jar;E:\NHUB\src\yekanTrader\TSETMCDumper\TSETMCDumper\.\.m2\org\slf4j\slf4j-jdk14\1.5.3\slf4j-jdk14-1.5.3.jar;E:\NHUB\src\yekanTrader\TSETMCDumper\TSETMCDumper\.\.m2\org\slf4j\slf4j-api\1.5.3\slf4j-api-1.5.3.jar;E:\NHUB\src\yekanTrader\TSETMCDumper\TSETMCDumper\.\.m2\org\apache\maven\maven-mercury\3.0-alpha-2\maven-mercury-3.0-alpha-2.jar;E:\NHUB\src\yekanTrader\TSETMCDumper\TSETMCDumper\.\.m2\org\apache\maven\mercury\mercury-artifact\1.0.0-alpha-2\mercury-artifact-1.0.0-alpha-2.jar;E:\NHUB\src\yekanTrader\TSETMCDumper\TSETMCDumper\.\.m2\org\apache\maven\mercury\mercury-external\1.0.0-alpha-2\mercury-external-1.0.0-alpha-2.jar;E:\NHUB\src\yekanTrader\TSETMCDumper\TSETMCDumper\.\.m2\org\sonatype\spice\model-builder\1.3\model-builder-1.3.jar;E:\NHUB\src\yekanTrader\TSETMCDumper\TSETMCDumper\.\.m2\stax\stax-api\1.0.1\stax-api-1.0.1.jar;E:\NHUB\src\yekanTrader\TSETMCDumper\TSETMCDumper\.\.m2\org\apache\maven\maven-compat\3.0-alpha-2\maven-compat-3.0-alpha-2.jar;E:\NHUB\src\yekanTrader\TSETMCDumper\TSETMCDumper\.\.m2\org\apache\maven\wagon\wagon-provider-api\1.0-beta-4\wagon-provider-api-1.0-beta-4.jar;E:\NHUB\src\yekanTrader\TSETMCDumper\TSETMCDumper\.\.m2\org\codehaus\plexus\plexus-java\1.0.1\plexus-java-1.0.1.jar;E:\NHUB\src\yekanTrader\TSETMCDumper\TSETMCDumper\.\.m2\org\ow2\asm\asm\7.0-beta\asm-7.0-beta.jar;E:\NHUB\src\yekanTrader\TSETMCDumper\TSETMCDumper\.\.m2\com\thoughtworks\qdox\qdox\2.0-M9\qdox-2.0-M9.jar;"/>
    <property name="java.vm.vendor" value="AdoptOpenJDK"/>
    <property name="sun.arch.data.model" value="64"/>
    <property name="user.variant" value=""/>
    <property name="java.vendor.url" value="https://adoptopenjdk.net/"/>
    <property name="user.timezone" value="GMT+03:30"/>
    <property name="java.vm.specification.version" value="11"/>
    <property name="os.name" value="Windows 10"/>
    <property name="sun.java.launcher" value="SUN_STANDARD"/>
    <property name="user.country" value="US"/>
    <property name="sun.boot.library.path" value="E:\NHUB\bin\jdk\bin"/>
    <property name="sun.java.command" value="C:\Users\m.talebi\AppData\Local\Temp\surefire13342843014520931606\surefirebooter14311636515792174258.jar C:\Users\m.talebi\AppData\Local\Temp\surefire13342843014520931606 2019-03-26T16-43-25_279-jvmRun1 surefire8314581424663752229tmp surefire_012019566886958155763tmp"/>
    <property name="jdk.debug" value="release"/>
    <property name="surefire.test.class.path" value="e:\NHUB\src\yekanTrader\TSETMCDumper\TSETMCDumper\target\test-classes;e:\NHUB\src\yekanTrader\TSETMCDumper\TSETMCDumper\target\classes;E:\NHUB\src\yekanTrader\TSETMCDumper\TSETMCDumper\.\.m2\junit\junit\4.12\junit-4.12.jar;E:\NHUB\src\yekanTrader\TSETMCDumper\TSETMCDumper\.\.m2\org\hamcrest\hamcrest-core\1.3\hamcrest-core-1.3.jar;E:\NHUB\src\yekanTrader\TSETMCDumper\TSETMCDumper\.\.m2\org\xerial\sqlite-jdbc\3.27.2\sqlite-jdbc-3.27.2.jar;E:\NHUB\src\yekanTrader\TSETMCDumper\TSETMCDumper\.\.m2\org\jsoup\jsoup\1.11.3\jsoup-1.11.3.jar;E:\NHUB\src\yekanTrader\TSETMCDumper\TSETMCDumper\.\.m2\org\junit\jupiter\junit-jupiter-api\5.4.1\junit-jupiter-api-5.4.1.jar;E:\NHUB\src\yekanTrader\TSETMCDumper\TSETMCDumper\.\.m2\org\apiguardian\apiguardian-api\1.0.0\apiguardian-api-1.0.0.jar;E:\NHUB\src\yekanTrader\TSETMCDumper\TSETMCDumper\.\.m2\org\opentest4j\opentest4j\1.1.1\opentest4j-1.1.1.jar;E:\NHUB\src\yekanTrader\TSETMCDumper\TSETMCDumper\.\.m2\org\junit\platform\junit-platform-commons\1.4.1\junit-platform-commons-1.4.1.jar;E:\NHUB\src\yekanTrader\TSETMCDumper\TSETMCDumper\.\.m2\org\apache\maven\plugins\maven-surefire-plugin\3.0.0-M3\maven-surefire-plugin-3.0.0-M3.jar;E:\NHUB\src\yekanTrader\TSETMCDumper\TSETMCDumper\.\.m2\org\apache\maven\surefire\maven-surefire-common\3.0.0-M3\maven-surefire-common-3.0.0-M3.jar;E:\NHUB\src\yekanTrader\TSETMCDumper\TSETMCDumper\.\.m2\org\apache\maven\surefire\surefire-api\3.0.0-M3\surefire-api-3.0.0-M3.jar;E:\NHUB\src\yekanTrader\TSETMCDumper\TSETMCDumper\.\.m2\org\apache\maven\surefire\surefire-logger-api\3.0.0-M3\surefire-logger-api-3.0.0-M3.jar;E:\NHUB\src\yekanTrader\TSETMCDumper\TSETMCDumper\.\.m2\org\apache\maven\surefire\surefire-booter\3.0.0-M3\surefire-booter-3.0.0-M3.jar;E:\NHUB\src\yekanTrader\TSETMCDumper\TSETMCDumper\.\.m2\org\apache\maven\maven-toolchain\3.0-alpha-2\maven-toolchain-3.0-alpha-2.jar;E:\NHUB\src\yekanTrader\TSETMCDumper\TSETMCDumper\.\.m2\org\apache\maven\maven-core\3.0-alpha-2\maven-core-3.0-alpha-2.jar;E:\NHUB\src\yekanTrader\TSETMCDumper\TSETMCDumper\.\.m2\org\apache\maven\maven-lifecycle\3.0-alpha-2\maven-lifecycle-3.0-alpha-2.jar;E:\NHUB\src\yekanTrader\TSETMCDumper\TSETMCDumper\.\.m2\org\apache\maven\maven-reporting-api\3.0-alpha-2\maven-reporting-api-3.0-alpha-2.jar;E:\NHUB\src\yekanTrader\TSETMCDumper\TSETMCDumper\.\.m2\org\apache\maven\doxia\doxia-sink-api\1.0-alpha-9\doxia-sink-api-1.0-alpha-9.jar;E:\NHUB\src\yekanTrader\TSETMCDumper\TSETMCDumper\.\.m2\org\apache\maven\maven-model\3.0-alpha-2\maven-model-3.0-alpha-2.jar;E:\NHUB\src\yekanTrader\TSETMCDumper\TSETMCDumper\.\.m2\org\apache\maven\maven-plugin-api\3.0-alpha-2\maven-plugin-api-3.0-alpha-2.jar;E:\NHUB\src\yekanTrader\TSETMCDumper\TSETMCDumper\.\.m2\org\codehaus\plexus\plexus-container-default\1.0-beta-3.0.5\plexus-container-default-1.0-beta-3.0.5.jar;E:\NHUB\src\yekanTrader\TSETMCDumper\TSETMCDumper\.\.m2\org\apache\xbean\xbean-reflect\3.4\xbean-reflect-3.4.jar;E:\NHUB\src\yekanTrader\TSETMCDumper\TSETMCDumper\.\.m2\log4j\log4j\1.2.12\log4j-1.2.12.jar;E:\NHUB\src\yekanTrader\TSETMCDumper\TSETMCDumper\.\.m2\commons-logging\commons-logging-api\1.1\commons-logging-api-1.1.jar;E:\NHUB\src\yekanTrader\TSETMCDumper\TSETMCDumper\.\.m2\com\google\code\google-collections\google-collect\snapshot-20080530\google-collect-snapshot-20080530.jar;E:\NHUB\src\yekanTrader\TSETMCDumper\TSETMCDumper\.\.m2\org\apache\maven\maven-project\3.0-alpha-2\maven-project-3.0-alpha-2.jar;E:\NHUB\src\yekanTrader\TSETMCDumper\TSETMCDumper\.\.m2\org\codehaus\woodstox\wstx-asl\3.2.6\wstx-asl-3.2.6.jar;E:\NHUB\src\yekanTrader\TSETMCDumper\TSETMCDumper\.\.m2\org\apache\maven\maven-project-builder\3.0-alpha-2\maven-project-builder-3.0-alpha-2.jar;E:\NHUB\src\yekanTrader\TSETMCDumper\TSETMCDumper\.\.m2\commons-cli\commons-cli\1.0\commons-cli-1.0.jar;E:\NHUB\src\yekanTrader\TSETMCDumper\TSETMCDumper\.\.m2\org\codehaus\plexus\plexus-interactivity-api\1.0-alpha-6\plexus-interactivity-api-1.0-alpha-6.jar;E:\NHUB\src\yekanTrader\TSETMCDumper\TSETMCDumper\.\.m2\org\codehaus\plexus\plexus-interpolation\1.1\plexus-interpolation-1.1.jar;E:\NHUB\src\yekanTrader\TSETMCDumper\TSETMCDumper\.\.m2\org\codehaus\plexus\plexus-utils\1.5.6\plexus-utils-1.5.6.jar;E:\NHUB\src\yekanTrader\TSETMCDumper\TSETMCDumper\.\.m2\org\codehaus\plexus\plexus-classworlds\1.3\plexus-classworlds-1.3.jar;E:\NHUB\src\yekanTrader\TSETMCDumper\TSETMCDumper\.\.m2\org\codehaus\plexus\plexus-component-annotations\1.0-beta-3.0.5\plexus-component-annotations-1.0-beta-3.0.5.jar;E:\NHUB\src\yekanTrader\TSETMCDumper\TSETMCDumper\.\.m2\org\sonatype\plexus\plexus-plugin-manager\1.0-alpha-1\plexus-plugin-manager-1.0-alpha-1.jar;E:\NHUB\src\yekanTrader\TSETMCDumper\TSETMCDumper\.\.m2\org\apache\maven\mercury\mercury-plexus\1.0.0-alpha-2\mercury-plexus-1.0.0-alpha-2.jar;E:\NHUB\src\yekanTrader\TSETMCDumper\TSETMCDumper\.\.m2\org\apache\maven\mercury\mercury-repo-remote-m2\1.0.0-alpha-2\mercury-repo-remote-m2-1.0.0-alpha-2.jar;E:\NHUB\src\yekanTrader\TSETMCDumper\TSETMCDumper\.\.m2\org\apache\maven\mercury\mercury-repo-api\1.0.0-alpha-2\mercury-repo-api-1.0.0-alpha-2.jar;E:\NHUB\src\yekanTrader\TSETMCDumper\TSETMCDumper\.\.m2\org\apache\maven\mercury\mercury-transport-api\1.0.0-alpha-2\mercury-transport-api-1.0.0-alpha-2.jar;E:\NHUB\src\yekanTrader\TSETMCDumper\TSETMCDumper\.\.m2\org\apache\maven\mercury\mercury-crypto-api\1.0.0-alpha-2\mercury-crypto-api-1.0.0-alpha-2.jar;E:\NHUB\src\yekanTrader\TSETMCDumper\TSETMCDumper\.\.m2\org\apache\maven\mercury\mercury-transport-http\1.0.0-alpha-2\mercury-transport-http-1.0.0-alpha-2.jar;E:\NHUB\src\yekanTrader\TSETMCDumper\TSETMCDumper\.\.m2\org\mortbay\jetty\jetty-client\6.1.12\jetty-client-6.1.12.jar;E:\NHUB\src\yekanTrader\TSETMCDumper\TSETMCDumper\.\.m2\org\mortbay\jetty\jetty-sslengine\6.1.12\jetty-sslengine-6.1.12.jar;E:\NHUB\src\yekanTrader\TSETMCDumper\TSETMCDumper\.\.m2\org\mortbay\jetty\jetty\6.1.12\jetty-6.1.12.jar;E:\NHUB\src\yekanTrader\TSETMCDumper\TSETMCDumper\.\.m2\org\mortbay\jetty\jetty-util\6.1.12\jetty-util-6.1.12.jar;E:\NHUB\src\yekanTrader\TSETMCDumper\TSETMCDumper\.\.m2\org\mortbay\jetty\servlet-api-2.5\6.1.12\servlet-api-2.5-6.1.12.jar;E:\NHUB\src\yekanTrader\TSETMCDumper\TSETMCDumper\.\.m2\org\apache\maven\mercury\mercury-crypto-basic\1.0.0-alpha-2\mercury-crypto-basic-1.0.0-alpha-2.jar;E:\NHUB\src\yekanTrader\TSETMCDumper\TSETMCDumper\.\.m2\bouncycastle\bcprov-jdk15\140\bcprov-jdk15-140.jar;E:\NHUB\src\yekanTrader\TSETMCDumper\TSETMCDumper\.\.m2\bouncycastle\bcpg-jdk15\140\bcpg-jdk15-140.jar;E:\NHUB\src\yekanTrader\TSETMCDumper\TSETMCDumper\.\.m2\org\apache\maven\mercury\mercury-md-shared\1.0.0-alpha-2\mercury-md-shared-1.0.0-alpha-2.jar;E:\NHUB\src\yekanTrader\TSETMCDumper\TSETMCDumper\.\.m2\org\apache\maven\mercury\mercury-util\1.0.0-alpha-2\mercury-util-1.0.0-alpha-2.jar;E:\NHUB\src\yekanTrader\TSETMCDumper\TSETMCDumper\.\.m2\org\apache\maven\mercury\mercury-repo-local-m2\1.0.0-alpha-2\mercury-repo-local-m2-1.0.0-alpha-2.jar;E:\NHUB\src\yekanTrader\TSETMCDumper\TSETMCDumper\.\.m2\org\apache\maven\mercury\mercury-repo-virtual\1.0.0-alpha-2\mercury-repo-virtual-1.0.0-alpha-2.jar;E:\NHUB\src\yekanTrader\TSETMCDumper\TSETMCDumper\.\.m2\org\apache\maven\mercury\mercury-repo-cache-fs\1.0.0-alpha-2\mercury-repo-cache-fs-1.0.0-alpha-2.jar;E:\NHUB\src\yekanTrader\TSETMCDumper\TSETMCDumper\.\.m2\org\apache\maven\mercury\mercury-md-sat\1.0.0-alpha-2\mercury-md-sat-1.0.0-alpha-2.jar;E:\NHUB\src\yekanTrader\TSETMCDumper\TSETMCDumper\.\.m2\org\sat4j\org.sat4j.core\2.0.4\org.sat4j.core-2.0.4.jar;E:\NHUB\src\yekanTrader\TSETMCDumper\TSETMCDumper\.\.m2\org\sat4j\org.sat4j.pb\2.0.4\org.sat4j.pb-2.0.4.jar;E:\NHUB\src\yekanTrader\TSETMCDumper\TSETMCDumper\.\.m2\org\apache\maven\mercury\mercury-event\1.0.0-alpha-2\mercury-event-1.0.0-alpha-2.jar;E:\NHUB\src\yekanTrader\TSETMCDumper\TSETMCDumper\.\.m2\org\apache\maven\mercury\mercury-logging\1.0.0-alpha-2\mercury-logging-1.0.0-alpha-2.jar;E:\NHUB\src\yekanTrader\TSETMCDumper\TSETMCDumper\.\.m2\org\codehaus\plexus\plexus-lang\1.1\plexus-lang-1.1.jar;E:\NHUB\src\yekanTrader\TSETMCDumper\TSETMCDumper\.\.m2\org\slf4j\slf4j-jdk14\1.5.3\slf4j-jdk14-1.5.3.jar;E:\NHUB\src\yekanTrader\TSETMCDumper\TSETMCDumper\.\.m2\org\slf4j\slf4j-api\1.5.3\slf4j-api-1.5.3.jar;E:\NHUB\src\yekanTrader\TSETMCDumper\TSETMCDumper\.\.m2\org\apache\maven\maven-mercury\3.0-alpha-2\maven-mercury-3.0-alpha-2.jar;E:\NHUB\src\yekanTrader\TSETMCDumper\TSETMCDumper\.\.m2\org\apache\maven\mercury\mercury-artifact\1.0.0-alpha-2\mercury-artifact-1.0.0-alpha-2.jar;E:\NHUB\src\yekanTrader\TSETMCDumper\TSETMCDumper\.\.m2\org\apache\maven\mercury\mercury-external\1.0.0-alpha-2\mercury-external-1.0.0-alpha-2.jar;E:\NHUB\src\yekanTrader\TSETMCDumper\TSETMCDumper\.\.m2\org\sonatype\spice\model-builder\1.3\model-builder-1.3.jar;E:\NHUB\src\yekanTrader\TSETMCDumper\TSETMCDumper\.\.m2\stax\stax-api\1.0.1\stax-api-1.0.1.jar;E:\NHUB\src\yekanTrader\TSETMCDumper\TSETMCDumper\.\.m2\org\apache\maven\maven-compat\3.0-alpha-2\maven-compat-3.0-alpha-2.jar;E:\NHUB\src\yekanTrader\TSETMCDumper\TSETMCDumper\.\.m2\org\apache\maven\wagon\wagon-provider-api\1.0-beta-4\wagon-provider-api-1.0-beta-4.jar;E:\NHUB\src\yekanTrader\TSETMCDumper\TSETMCDumper\.\.m2\org\codehaus\plexus\plexus-java\1.0.1\plexus-java-1.0.1.jar;E:\NHUB\src\yekanTrader\TSETMCDumper\TSETMCDumper\.\.m2\org\ow2\asm\asm\7.0-beta\asm-7.0-beta.jar;E:\NHUB\src\yekanTrader\TSETMCDumper\TSETMCDumper\.\.m2\com\thoughtworks\qdox\qdox\2.0-M9\qdox-2.0-M9.jar;"/>
    <property name="sun.cpu.endian" value="little"/>
    <property name="user.home" value="C:\Users\m.talebi"/>
    <property name="user.language" value="en"/>
    <property name="java.specification.vendor" value="Oracle Corporation"/>
    <property name="java.version.date" value="2019-01-15"/>
    <property name="java.home" value="E:\NHUB\bin\jdk"/>
    <property name="file.separator" value="\"/>
    <property name="basedir" value="e:\NHUB\src\yekanTrader\TSETMCDumper\TSETMCDumper"/>
    <property name="java.vm.compressedOopsMode" value="32-bit"/>
    <property name="line.separator" value="&#10;"/>
    <property name="java.specification.name" value="Java Platform API Specification"/>
    <property name="java.vm.specification.vendor" value="Oracle Corporation"/>
    <property name="java.awt.graphicsenv" value="sun.awt.Win32GraphicsEnvironment"/>
    <property name="surefire.real.class.path" value="C:\Users\m.talebi\AppData\Local\Temp\surefire13342843014520931606\surefirebooter14311636515792174258.jar"/>
    <property name="user.script" value=""/>
    <property name="sun.management.compiler" value="HotSpot 64-Bit Tiered Compilers"/>
    <property name="java.runtime.version" value="11.0.2+9"/>
    <property name="user.name" value="M.Talebi"/>
    <property name="path.separator" value=";"/>
    <property name="os.version" value="10.0"/>
    <property name="java.runtime.name" value="OpenJDK Runtime Environment"/>
    <property name="file.encoding" value="Cp1252"/>
    <property name="java.vm.name" value="OpenJDK 64-Bit Server VM"/>
    <property name="java.vendor.version" value="AdoptOpenJDK"/>
    <property name="localRepository" value="E:\NHUB\src\yekanTrader\TSETMCDumper\TSETMCDumper\.\.m2"/>
    <property name="java.vendor.url.bug" value="http://bugreport.java.com/bugreport/"/>
    <property name="java.io.tmpdir" value="C:\Users\M1F84~1.TAL\AppData\Local\Temp\"/>
    <property name="java.version" value="11.0.2"/>
    <property name="user.dir" value="e:\NHUB\src\yekanTrader\TSETMCDumper\TSETMCDumper"/>
    <property name="os.arch" value="amd64"/>
    <property name="java.vm.specification.name" value="Java Virtual Machine Specification"/>
    <property name="java.awt.printerjob" value="sun.awt.windows.WPrinterJob"/>
    <property name="sun.os.patch.level" value=""/>
    <property name="java.library.path" value="E:\NHUB\bin\jdk\bin;C:\WINDOWS\Sun\Java\bin;C:\WINDOWS\system32;C:\WINDOWS;C:\Program Files\Python37\Scripts\;C:\Program Files\Python37\;D:\TBuild\ThirdParty\Perl\site\bin;D:\TBuild\ThirdParty\Perl\bin;C:\ProgramData\DockerDesktop\version-bin;C:\Program Files\Docker\Docker\Resources\bin;C:\Program Files\Microsoft MPI\Bin\;C:\Program Files (x86)\Intel\iCLS Client\;C:\Program Files\Intel\iCLS Client\;C:\WINDOWS\system32;C:\WINDOWS;C:\WINDOWS\System32\Wbem;C:\WINDOWS\System32\WindowsPowerShell\v1.0\;C:\Program Files (x86)\Intel\Intel(R) Management Engine Components\DAL;C:\Program Files\Intel\Intel(R) Management Engine Components\DAL;C:\Program Files (x86)\Intel\Intel(R) Management Engine Components\IPT;C:\Program Files\Intel\Intel(R) Management Engine Components\IPT;C:\WINDOWS\System32\OpenSSH\;C:\Strawberry\c\bin;C:\Strawberry\perl\site\bin;C:\Strawberry\perl\bin;C:\Program Files\PuTTY\;C:\Program Files\dotnet\;C:\Program Files\Microsoft SQL Server\130\Tools\Binn\;C:\Program Files\nodejs\;D:\Program Files\MATLAB\runtime\win64;D:\Program Files\MATLAB\bin;C:\Program Files\Microsoft SQL Server\Client SDK\ODBC\130\Tools\Binn\;C:\Program Files (x86)\Microsoft SQL Server\140\Tools\Binn\;C:\Program Files\Microsoft SQL Server\140\Tools\Binn\;C:\Program Files\Microsoft SQL Server\140\DTS\Binn\;C:\Program Files (x86)\Microsoft SQL Server\Client SDK\ODBC\130\Tools\Binn\;C:\Program Files (x86)\Microsoft SQL Server\140\DTS\Binn\;C:\Program Files (x86)\Microsoft SQL Server\140\Tools\Binn\ManagementStudio\;C:\Program Files\Git\cmd;D:\Windows Kits\10\Windows Performance Toolkit\;C:\Users\m.talebi\AppData\Local\Microsoft\WindowsApps;C:\Users\m.talebi\AppData\Local\Programs\Microsoft VS Code\bin;E:\HUB\gitscm\bin;C:\Users\m.talebi\AppData\Local\Programs\Fiddler;C:\Users\m.talebi\AppData\Roaming\npm;D:\TBuild\ThirdParty\Ninja;C:\Users\m.talebi\.dotnet\tools;C:\Users\m.talebi\AppData\Local\Microsoft\WindowsApps;C:\Program Files\JetBrains\JetBrains Rider 2018.3.4\bin;C:\Program Files\JetBrains\CLion 2018.3.4\bin;../bin/jdk/bin;../bin/maven/bin;../bin/gitscm/bin;."/>
    <property name="java.vendor" value="AdoptOpenJDK"/>
    <property name="java.vm.info" value="mixed mode"/>
    <property name="java.vm.version" value="11.0.2+9"/>
    <property name="sun.io.unicode.encoding" value="UnicodeLittle"/>
    <property name="java.class.version" value="55.0"/>
  </properties>
  <testcase name="shouldAnswerWithTrue" classname="com.yekanchi.tsetmcdumper.AppTest" time="0"/>
</testsuite>